<?xml version="1.0" encoding="UTF-8"?>
<testsuite name="playground.api.besybuy.bestbuyinfo.StoresCRUDTestWithSteps" time="8.674" tests="5" errors="2" skipped="0" failures="2">
  <properties>
[...]
</properties>
  <testcase name="test001" classname="playground.api.besybuy.bestbuyinfo.StoresCRUDTestWithSteps" time="7.464"/>
  <testcase name="test002" classname="playground.api.besybuy.bestbuyinfo.StoresCRUDTestWithSteps" time="0.88">
    <failure message="1 expectation failed.&#10;Expected status code &lt;201&gt; but was &lt;404&gt;.&#10;" type="java.lang.AssertionError"><![CDATA[java.lang.AssertionError: 1 expectation failed.
Expected status code <201> but was <404>.

	at sun.reflect.NativeConstructorAccessorImpl.newInstance0(Native Method)
	at sun.reflect.NativeConstructorAccessorImpl.newInstance(NativeConstructorAccessorImpl.java:62)
	at sun.reflect.DelegatingConstructorAccessorImpl.newInstance(DelegatingConstructorAccessorImpl.java:45)
	at java.lang.reflect.Constructor.newInstance(Constructor.java:423)
	at org.codehaus.groovy.reflection.CachedConstructor.invoke(CachedConstructor.java:83)
	at org.codehaus.groovy.reflection.CachedConstructor.doConstructorInvoke(CachedConstructor.java:77)
	at org.codehaus.groovy.runtime.callsite.ConstructorSite$ConstructorSiteNoUnwrap.callConstructor(ConstructorSite.java:84)
	at org.codehaus.groovy.runtime.callsite.CallSiteArray.defaultCallConstructor(CallSiteArray.java:60)
	at org.codehaus.groovy.runtime.callsite.AbstractCallSite.callConstructor(AbstractCallSite.java:235)
	at org.codehaus.groovy.runtime.callsite.AbstractCallSite.callConstructor(AbstractCallSite.java:247)
	at io.restassured.internal.ResponseSpecificationImpl$HamcrestAssertionClosure.validate(ResponseSpecificationImpl.groovy:471)
	at io.restassured.internal.ResponseSpecificationImpl$HamcrestAssertionClosure$validate$1.call(Unknown Source)
	at io.restassured.internal.ResponseSpecificationImpl.validateResponseIfRequired(ResponseSpecificationImpl.groovy:636)
	at sun.reflect.NativeMethodAccessorImpl.invoke0(Native Method)
	at sun.reflect.NativeMethodAccessorImpl.invoke(NativeMethodAccessorImpl.java:62)
	at sun.reflect.DelegatingMethodAccessorImpl.invoke(DelegatingMethodAccessorImpl.java:43)
	at java.lang.reflect.Method.invoke(Method.java:498)
	at org.codehaus.groovy.runtime.callsite.PogoMetaMethodSite$PogoCachedMethodSiteNoUnwrapNoCoerce.invoke(PogoMetaMethodSite.java:210)
	at org.codehaus.groovy.runtime.callsite.PogoMetaMethodSite.callCurrent(PogoMetaMethodSite.java:59)
	at org.codehaus.groovy.runtime.callsite.AbstractCallSite.callCurrent(AbstractCallSite.java:166)
	at io.restassured.internal.ResponseSpecificationImpl.statusCode(ResponseSpecificationImpl.groovy:122)
	at io.restassured.specification.ResponseSpecification$statusCode$0.callCurrent(Unknown Source)
	at io.restassured.internal.ResponseSpecificationImpl.statusCode(ResponseSpecificationImpl.groovy:130)
	at io.restassured.internal.ValidatableResponseOptionsImpl.statusCode(ValidatableResponseOptionsImpl.java:117)
	at playground.api.besybuy.bestbuyinfo.StoresCRUDTestWithSteps.test002(StoresCRUDTestWithSteps.java:42)
]]></failure>
    <system-out><![CDATA[Request method:	POST
Request URI:	http://localhost:3030/
Proxy:			<none>
Request params:	<none>
Query params:	<none>
Form params:	<none>
Path params:	<none>
Multiparts:		<none>
Headers:		Accept=*/*
				Content-Type=application/json; charset=UTF-8
Cookies:		<none>
Body:
{
    "name": "abcd6579",
    "type": "entertainment",
    "address": "Dudley Road",
    "address2": "Landudno",
    "city": "Cardiff",
    "state": "Wales",
    "zip": "1453788",
    "lat": 120.0,
    "lng": 140.0,
    "hours": "10.00am"
}
HTTP/1.1 404 Not Found
X-Powered-By: Express
Access-Control-Allow-Origin: *
Content-Type: application/json; charset=utf-8
Content-Length: 93
ETag: W/"5d-QoCLoYQbBZvX9r0oLMz0KatYCKI"
Vary: Accept-Encoding
Date: Tue, 07 Jun 2022 20:11:33 GMT
Connection: keep-alive

{
    "name": "NotFound",
    "message": "Page not found",
    "code": 404,
    "className": "not-found",
    "errors": {
        
    }
}
]]></system-out>
    <system-err><![CDATA[8017 [main] INFO net.serenitybdd.core.Serenity - 
        __    _____ _____ ____ _____   ____   _    ____  ____  _____ ____  
  _     \ \  |_   _| ____/ ___|_   _| |  _ \ / \  / ___|/ ___|| ____|  _ \ 
 (_)_____| |   | | |  _| \___ \ | |   | |_) / _ \ \___ \\___ \|  _| | | | |
  _|_____| |   | | | |___ ___) || |   |  __/ ___ \ ___) |___) | |___| |_| |
 (_)     | |   |_| |_____|____/ |_|   |_| /_/   \_\____/|____/|_____|____/ 
        /_/                                                                

TEST PASSED: Getting All The Store
----------------------------------------------------------------------------
8017 [main] INFO net.serenitybdd.core.Serenity - 
 _____ _____ ____ _____   ____ _____  _    ____ _____ _____ ____  
|_   _| ____/ ___|_   _| / ___|_   _|/ \  |  _ \_   _| ____|  _ \ 
  | | |  _| \___ \ | |   \___ \ | | / _ \ | |_) || | |  _| | | | |
  | | | |___ ___) || |    ___) || |/ ___ \|  _ < | | | |___| |_| |
  |_| |_____|____/ |_|   |____/ |_/_/   \_\_| \_\|_| |_____|____/ 
                                                                  

TEST STARTED: test002
-------------------------------------------------------------------
8017 [main] INFO net.serenitybdd.core.Serenity - TEST NUMBER: 2
]]></system-err>
  </testcase>
  <testcase name="test003" classname="playground.api.besybuy.bestbuyinfo.StoresCRUDTestWithSteps" time="0.29">
    <failure message="1 expectation failed.&#10;Expected status code &lt;200&gt; but was &lt;404&gt;.&#10;" type="java.lang.AssertionError"><![CDATA[java.lang.AssertionError: 1 expectation failed.
Expected status code <200> but was <404>.

	at sun.reflect.NativeConstructorAccessorImpl.newInstance0(Native Method)
	at sun.reflect.NativeConstructorAccessorImpl.newInstance(NativeConstructorAccessorImpl.java:62)
	at sun.reflect.DelegatingConstructorAccessorImpl.newInstance(DelegatingConstructorAccessorImpl.java:45)
	at java.lang.reflect.Constructor.newInstance(Constructor.java:423)
	at org.codehaus.groovy.reflection.CachedConstructor.invoke(CachedConstructor.java:83)
	at org.codehaus.groovy.reflection.CachedConstructor.doConstructorInvoke(CachedConstructor.java:77)
	at org.codehaus.groovy.runtime.callsite.ConstructorSite$ConstructorSiteNoUnwrap.callConstructor(ConstructorSite.java:84)
	at org.codehaus.groovy.runtime.callsite.AbstractCallSite.callConstructor(AbstractCallSite.java:247)
	at io.restassured.internal.ResponseSpecificationImpl$HamcrestAssertionClosure.validate(ResponseSpecificationImpl.groovy:471)
	at io.restassured.internal.ResponseSpecificationImpl$HamcrestAssertionClosure$validate$1.call(Unknown Source)
	at io.restassured.internal.ResponseSpecificationImpl.validateResponseIfRequired(ResponseSpecificationImpl.groovy:636)
	at sun.reflect.NativeMethodAccessorImpl.invoke0(Native Method)
	at sun.reflect.NativeMethodAccessorImpl.invoke(NativeMethodAccessorImpl.java:62)
	at sun.reflect.DelegatingMethodAccessorImpl.invoke(DelegatingMethodAccessorImpl.java:43)
	at java.lang.reflect.Method.invoke(Method.java:498)
	at org.codehaus.groovy.runtime.callsite.PogoMetaMethodSite$PogoCachedMethodSiteNoUnwrapNoCoerce.invoke(PogoMetaMethodSite.java:210)
	at org.codehaus.groovy.runtime.callsite.PogoMetaMethodSite.callCurrent(PogoMetaMethodSite.java:59)
	at org.codehaus.groovy.runtime.callsite.AbstractCallSite.callCurrent(AbstractCallSite.java:166)
	at io.restassured.internal.ResponseSpecificationImpl.statusCode(ResponseSpecificationImpl.groovy:122)
	at io.restassured.specification.ResponseSpecification$statusCode$0.callCurrent(Unknown Source)
	at io.restassured.internal.ResponseSpecificationImpl.statusCode(ResponseSpecificationImpl.groovy:130)
	at io.restassured.internal.ValidatableResponseOptionsImpl.statusCode(ValidatableResponseOptionsImpl.java:117)
	at playground.api.besybuy.bestbuyinfo.StoresCRUDTestWithSteps.test003(StoresCRUDTestWithSteps.java:49)
]]></failure>
    <system-out><![CDATA[Request method:	GET
Request URI:	http://localhost:3030/10
Proxy:			<none>
Request params:	<none>
Query params:	<none>
Form params:	<none>
Path params:	id=10
Multiparts:		<none>
Headers:		Accept=*/*
Cookies:		<none>
Body:			<none>
HTTP/1.1 404 Not Found
X-Powered-By: Express
Access-Control-Allow-Origin: *
Content-Type: application/json; charset=utf-8
Content-Length: 93
ETag: W/"5d-QoCLoYQbBZvX9r0oLMz0KatYCKI"
Vary: Accept-Encoding
Date: Tue, 07 Jun 2022 20:11:33 GMT
Connection: keep-alive

{
    "name": "NotFound",
    "message": "Page not found",
    "code": 404,
    "className": "not-found",
    "errors": {
        
    }
}
]]></system-out>
    <system-err><![CDATA[8903 [main] ERROR net.serenitybdd.core.Serenity - 
           __  _____ _____ ____ _____   _____ _    ___ _     _____ ____  
  _       / / |_   _| ____/ ___|_   _| |  ___/ \  |_ _| |   | ____|  _ \ 
 (_)_____| |    | | |  _| \___ \ | |   | |_ / _ \  | || |   |  _| | | | |
  _|_____| |    | | | |___ ___) || |   |  _/ ___ \ | || |___| |___| |_| |
 (_)     | |    |_| |_____|____/ |_|   |_|/_/   \_\___|_____|_____|____/ 
          \_\                                                            

TEST FAILED: Creating  The Store
--------------------------------------------------------------------------
8913 [main] ERROR net.serenitybdd.core.Serenity - 1 expectation failed.Expected status code <201> but was <404>.
8913 [main] INFO net.serenitybdd.core.Serenity - 
 _____ _____ ____ _____   ____ _____  _    ____ _____ _____ ____  
|_   _| ____/ ___|_   _| / ___|_   _|/ \  |  _ \_   _| ____|  _ \ 
  | | |  _| \___ \ | |   \___ \ | | / _ \ | |_) || | |  _| | | | |
  | | | |___ ___) || |    ___) || |/ ___ \|  _ < | | | |___| |_| |
  |_| |_____|____/ |_|   |____/ |_/_/   \_\_| \_\|_| |_____|____/ 
                                                                  

TEST STARTED: test003
-------------------------------------------------------------------
8913 [main] INFO net.serenitybdd.core.Serenity - TEST NUMBER: 3
]]></system-err>
  </testcase>
  <testcase name="test004" classname="playground.api.besybuy.bestbuyinfo.StoresCRUDTestWithSteps" time="0.028">
    <error type="java.lang.NullPointerException:">java.lang.NullPointerException: null
	at playground.api.besybuy.bestbuyinfo.StoresCRUDTestWithSteps.test004(StoresCRUDTestWithSteps.java:57)
</error>
    <system-err><![CDATA[9203 [main] ERROR net.serenitybdd.core.Serenity - 
           __  _____ _____ ____ _____   _____ _    ___ _     _____ ____  
  _       / / |_   _| ____/ ___|_   _| |  ___/ \  |_ _| |   | ____|  _ \ 
 (_)_____| |    | | |  _| \___ \ | |   | |_ / _ \  | || |   |  _| | | | |
  _|_____| |    | | | |___ ___) || |   |  _/ ___ \ | || |___| |___| |_| |
 (_)     | |    |_| |_____|____/ |_|   |_|/_/   \_\___|_____|_____|____/ 
          \_\                                                            

TEST FAILED: GettingThe Store By ID
--------------------------------------------------------------------------
9203 [main] ERROR net.serenitybdd.core.Serenity - 1 expectation failed.Expected status code <200> but was <404>.
9203 [main] INFO net.serenitybdd.core.Serenity - 
 _____ _____ ____ _____   ____ _____  _    ____ _____ _____ ____  
|_   _| ____/ ___|_   _| / ___|_   _|/ \  |  _ \_   _| ____|  _ \ 
  | | |  _| \___ \ | |   \___ \ | | / _ \ | |_) || | |  _| | | | |
  | | | |___ ___) || |    ___) || |/ ___ \|  _ < | | | |___| |_| |
  |_| |_____|____/ |_|   |____/ |_/_/   \_\_| \_\|_| |_____|____/ 
                                                                  

TEST STARTED: test004
-------------------------------------------------------------------
9203 [main] INFO net.serenitybdd.core.Serenity - TEST NUMBER: 4
]]></system-err>
  </testcase>
  <testcase name="test005" classname="playground.api.besybuy.bestbuyinfo.StoresCRUDTestWithSteps" time="0.012">
    <error type="java.lang.NullPointerException:">java.lang.NullPointerException: null
	at playground.api.besybuy.bestbuyinfo.StoresCRUDTestWithSteps.test005(StoresCRUDTestWithSteps.java:64)
</error>
    <system-err><![CDATA[9231 [main] ERROR net.serenitybdd.core.Serenity - 
           __  _____ _____ ____ _____   _____ _    ___ _     _____ ____  
  _       / / |_   _| ____/ ___|_   _| |  ___/ \  |_ _| |   | ____|  _ \ 
 (_)_____| |    | | |  _| \___ \ | |   | |_ / _ \  | || |   |  _| | | | |
  _|_____| |    | | | |___ ___) || |   |  _/ ___ \ | || |___| |___| |_| |
 (_)     | |    |_| |_____|____/ |_|   |_|/_/   \_\___|_____|_____|____/ 
          \_\                                                            

TEST FAILED WITH ERROR: Updating The Store By Id
---------------------------------------------------------------------
9575 [main] ERROR net.serenitybdd.core.Serenity - TEST FAILED AT STEP Updating Store information with name :, type :abcd6579_UPDATED. address :entertainment, address2 :Dudley Road, city :Landudno
9575 [main] ERROR net.serenitybdd.core.Serenity - parameterValue cannot be null
9582 [main] INFO net.serenitybdd.core.Serenity - 
 _____ _____ ____ _____   ____ _____  _    ____ _____ _____ ____  
|_   _| ____/ ___|_   _| / ___|_   _|/ \  |  _ \_   _| ____|  _ \ 
  | | |  _| \___ \ | |   \___ \ | | / _ \ | |_) || | |  _| | | | |
  | | | |___ ___) || |    ___) || |/ ___ \|  _ < | | | |___| |_| |
  |_| |_____|____/ |_|   |____/ |_/_/   \_\_| \_\|_| |_____|____/ 
                                                                  

TEST STARTED: test005
-------------------------------------------------------------------
9582 [main] INFO net.serenitybdd.core.Serenity - TEST NUMBER: 5
]]></system-err>
  </testcase>
</testsuite>