<?xml version="1.0" encoding="UTF-8"?><testsuite errors="0" failures="1" name="playground.api.besybuy.bestbuyinfo.ProductCURDTest" skipped="0" tests="5" time="8.68" timestamp="2022-06-07T21:11:25.338+01:00[Europe/London]"><testcase classname="playground.api.besybuy.bestbuyinfo.ProductCURDTest" name="Getting All The Products"/><testcase classname="playground.api.besybuy.bestbuyinfo.ProductCURDTest" name="Getting The Products By Id"><failure message="1 expectation failed.&#10;Expected status code &lt;200&gt; but was &lt;404&gt;.&#10;" type="java.lang.AssertionError">1 expectation failed.
Expected status code &lt;200&gt; but was &lt;404&gt;.
</failure><system-err>1 expectation failed.
Expected status code &lt;200&gt; but was &lt;404&gt;.
&#13;
io.restassured.internal.ResponseSpecificationImpl.validateResponseIfRequired(ResponseSpecificationImpl.groovy:636)&#13;
io.restassured.internal.ResponseSpecificationImpl.statusCode(ResponseSpecificationImpl.groovy:122)&#13;
io.restassured.internal.ResponseSpecificationImpl.statusCode(ResponseSpecificationImpl.groovy:130)&#13;
io.restassured.internal.ValidatableResponseOptionsImpl.statusCode(ValidatableResponseOptionsImpl.java:117)&#13;
playground.api.besybuy.bestbuyinfo.ProductCURDTest.test002(ProductCURDTest.java:40)&#13;
</system-err></testcase><testcase classname="playground.api.besybuy.bestbuyinfo.ProductCURDTest" name="Create Product"/><testcase classname="playground.api.besybuy.bestbuyinfo.ProductCURDTest" name="Verify if Product is updated"/><testcase classname="playground.api.besybuy.bestbuyinfo.ProductCURDTest" name="This will delete and verify if product is deleted"/></testsuite>